<?xml version="1.0" encoding="UTF-8"?>
<testsuite xmlns:xsi="http://www.w3.org/2001/XMLSchema-instance" xsi:noNamespaceSchemaLocation="https://maven.apache.org/surefire/maven-surefire-plugin/xsd/surefire-test-report.xsd" name="com.hh.boot.AppTest" time="0.125" tests="1" errors="0" skipped="0" failures="0">
  <properties>
    <property name="sun.desktop" value="windows"/>
    <property name="awt.toolkit" value="sun.awt.windows.WToolkit"/>
    <property name="file.encoding.pkg" value="sun.io"/>
    <property name="java.specification.version" value="1.8"/>
    <property name="sun.cpu.isalist" value="amd64"/>
    <property name="sun.jnu.encoding" value="GBK"/>
    <property name="java.class.path" value="D:\IDEAWORKSPACE\SystemStydy\btstudy\target\test-classes;D:\IDEAWORKSPACE\SystemStydy\btstudy\target\classes;D:\apache-maven-3.6.1\repo\junit\junit\4.11\junit-4.11.jar;D:\apache-maven-3.6.1\repo\org\hamcrest\hamcrest-core\1.3\hamcrest-core-1.3.jar;D:\apache-maven-3.6.1\repo\org\springframework\boot\spring-boot-starter-web\1.4.1.RELEASE\spring-boot-starter-web-1.4.1.RELEASE.jar;D:\apache-maven-3.6.1\repo\org\springframework\boot\spring-boot-starter\1.4.1.RELEASE\spring-boot-starter-1.4.1.RELEASE.jar;D:\apache-maven-3.6.1\repo\org\springframework\boot\spring-boot\1.4.1.RELEASE\spring-boot-1.4.1.RELEASE.jar;D:\apache-maven-3.6.1\repo\org\springframework\boot\spring-boot-autoconfigure\1.4.1.RELEASE\spring-boot-autoconfigure-1.4.1.RELEASE.jar;D:\apache-maven-3.6.1\repo\org\springframework\boot\spring-boot-starter-logging\1.4.1.RELEASE\spring-boot-starter-logging-1.4.1.RELEASE.jar;D:\apache-maven-3.6.1\repo\ch\qos\logback\logback-classic\1.1.7\logback-classic-1.1.7.jar;D:\apache-maven-3.6.1\repo\ch\qos\logback\logback-core\1.1.7\logback-core-1.1.7.jar;D:\apache-maven-3.6.1\repo\org\slf4j\slf4j-api\1.7.21\slf4j-api-1.7.21.jar;D:\apache-maven-3.6.1\repo\org\slf4j\jcl-over-slf4j\1.7.21\jcl-over-slf4j-1.7.21.jar;D:\apache-maven-3.6.1\repo\org\slf4j\jul-to-slf4j\1.7.21\jul-to-slf4j-1.7.21.jar;D:\apache-maven-3.6.1\repo\org\slf4j\log4j-over-slf4j\1.7.21\log4j-over-slf4j-1.7.21.jar;D:\apache-maven-3.6.1\repo\org\springframework\spring-core\4.3.3.RELEASE\spring-core-4.3.3.RELEASE.jar;D:\apache-maven-3.6.1\repo\org\yaml\snakeyaml\1.17\snakeyaml-1.17.jar;D:\apache-maven-3.6.1\repo\org\springframework\boot\spring-boot-starter-tomcat\1.4.1.RELEASE\spring-boot-starter-tomcat-1.4.1.RELEASE.jar;D:\apache-maven-3.6.1\repo\org\apache\tomcat\embed\tomcat-embed-core\8.5.5\tomcat-embed-core-8.5.5.jar;D:\apache-maven-3.6.1\repo\org\apache\tomcat\embed\tomcat-embed-el\8.5.5\tomcat-embed-el-8.5.5.jar;D:\apache-maven-3.6.1\repo\org\apache\tomcat\embed\tomcat-embed-websocket\8.5.5\tomcat-embed-websocket-8.5.5.jar;D:\apache-maven-3.6.1\repo\org\hibernate\hibernate-validator\5.2.4.Final\hibernate-validator-5.2.4.Final.jar;D:\apache-maven-3.6.1\repo\javax\validation\validation-api\1.1.0.Final\validation-api-1.1.0.Final.jar;D:\apache-maven-3.6.1\repo\org\jboss\logging\jboss-logging\3.3.0.Final\jboss-logging-3.3.0.Final.jar;D:\apache-maven-3.6.1\repo\com\fasterxml\classmate\1.3.1\classmate-1.3.1.jar;D:\apache-maven-3.6.1\repo\com\fasterxml\jackson\core\jackson-databind\2.8.3\jackson-databind-2.8.3.jar;D:\apache-maven-3.6.1\repo\com\fasterxml\jackson\core\jackson-annotations\2.8.3\jackson-annotations-2.8.3.jar;D:\apache-maven-3.6.1\repo\com\fasterxml\jackson\core\jackson-core\2.8.3\jackson-core-2.8.3.jar;D:\apache-maven-3.6.1\repo\org\springframework\spring-web\4.3.3.RELEASE\spring-web-4.3.3.RELEASE.jar;D:\apache-maven-3.6.1\repo\org\springframework\spring-aop\4.3.3.RELEASE\spring-aop-4.3.3.RELEASE.jar;D:\apache-maven-3.6.1\repo\org\springframework\spring-beans\4.3.3.RELEASE\spring-beans-4.3.3.RELEASE.jar;D:\apache-maven-3.6.1\repo\org\springframework\spring-context\4.3.3.RELEASE\spring-context-4.3.3.RELEASE.jar;D:\apache-maven-3.6.1\repo\org\springframework\spring-webmvc\4.3.3.RELEASE\spring-webmvc-4.3.3.RELEASE.jar;D:\apache-maven-3.6.1\repo\org\springframework\spring-expression\4.3.3.RELEASE\spring-expression-4.3.3.RELEASE.jar;"/>
    <property name="java.vm.vendor" value="Oracle Corporation"/>
    <property name="sun.arch.data.model" value="64"/>
    <property name="user.variant" value=""/>
    <property name="java.vendor.url" value="http://java.oracle.com/"/>
    <property name="user.timezone" value="Asia/Shanghai"/>
    <property name="java.vm.specification.version" value="1.8"/>
    <property name="os.name" value="Windows 7"/>
    <property name="user.country" value="CN"/>
    <property name="sun.java.launcher" value="SUN_STANDARD"/>
    <property name="sun.boot.library.path" value="C:\Program Files\Java\jdk1.8.0_211\jre\bin"/>
    <property name="sun.java.command" value="C:\Users\ADMINI~1\AppData\Local\Temp\surefire4752059990451548069\surefirebooter6740898489745000910.jar C:\Users\Administrator\AppData\Local\Temp\surefire4752059990451548069 2019-12-03T15-50-37_217-jvmRun1 surefire42225681051902531tmp surefire_04559482679440779228tmp"/>
    <property name="surefire.test.class.path" value="D:\IDEAWORKSPACE\SystemStydy\btstudy\target\test-classes;D:\IDEAWORKSPACE\SystemStydy\btstudy\target\classes;D:\apache-maven-3.6.1\repo\junit\junit\4.11\junit-4.11.jar;D:\apache-maven-3.6.1\repo\org\hamcrest\hamcrest-core\1.3\hamcrest-core-1.3.jar;D:\apache-maven-3.6.1\repo\org\springframework\boot\spring-boot-starter-web\1.4.1.RELEASE\spring-boot-starter-web-1.4.1.RELEASE.jar;D:\apache-maven-3.6.1\repo\org\springframework\boot\spring-boot-starter\1.4.1.RELEASE\spring-boot-starter-1.4.1.RELEASE.jar;D:\apache-maven-3.6.1\repo\org\springframework\boot\spring-boot\1.4.1.RELEASE\spring-boot-1.4.1.RELEASE.jar;D:\apache-maven-3.6.1\repo\org\springframework\boot\spring-boot-autoconfigure\1.4.1.RELEASE\spring-boot-autoconfigure-1.4.1.RELEASE.jar;D:\apache-maven-3.6.1\repo\org\springframework\boot\spring-boot-starter-logging\1.4.1.RELEASE\spring-boot-starter-logging-1.4.1.RELEASE.jar;D:\apache-maven-3.6.1\repo\ch\qos\logback\logback-classic\1.1.7\logback-classic-1.1.7.jar;D:\apache-maven-3.6.1\repo\ch\qos\logback\logback-core\1.1.7\logback-core-1.1.7.jar;D:\apache-maven-3.6.1\repo\org\slf4j\slf4j-api\1.7.21\slf4j-api-1.7.21.jar;D:\apache-maven-3.6.1\repo\org\slf4j\jcl-over-slf4j\1.7.21\jcl-over-slf4j-1.7.21.jar;D:\apache-maven-3.6.1\repo\org\slf4j\jul-to-slf4j\1.7.21\jul-to-slf4j-1.7.21.jar;D:\apache-maven-3.6.1\repo\org\slf4j\log4j-over-slf4j\1.7.21\log4j-over-slf4j-1.7.21.jar;D:\apache-maven-3.6.1\repo\org\springframework\spring-core\4.3.3.RELEASE\spring-core-4.3.3.RELEASE.jar;D:\apache-maven-3.6.1\repo\org\yaml\snakeyaml\1.17\snakeyaml-1.17.jar;D:\apache-maven-3.6.1\repo\org\springframework\boot\spring-boot-starter-tomcat\1.4.1.RELEASE\spring-boot-starter-tomcat-1.4.1.RELEASE.jar;D:\apache-maven-3.6.1\repo\org\apache\tomcat\embed\tomcat-embed-core\8.5.5\tomcat-embed-core-8.5.5.jar;D:\apache-maven-3.6.1\repo\org\apache\tomcat\embed\tomcat-embed-el\8.5.5\tomcat-embed-el-8.5.5.jar;D:\apache-maven-3.6.1\repo\org\apache\tomcat\embed\tomcat-embed-websocket\8.5.5\tomcat-embed-websocket-8.5.5.jar;D:\apache-maven-3.6.1\repo\org\hibernate\hibernate-validator\5.2.4.Final\hibernate-validator-5.2.4.Final.jar;D:\apache-maven-3.6.1\repo\javax\validation\validation-api\1.1.0.Final\validation-api-1.1.0.Final.jar;D:\apache-maven-3.6.1\repo\org\jboss\logging\jboss-logging\3.3.0.Final\jboss-logging-3.3.0.Final.jar;D:\apache-maven-3.6.1\repo\com\fasterxml\classmate\1.3.1\classmate-1.3.1.jar;D:\apache-maven-3.6.1\repo\com\fasterxml\jackson\core\jackson-databind\2.8.3\jackson-databind-2.8.3.jar;D:\apache-maven-3.6.1\repo\com\fasterxml\jackson\core\jackson-annotations\2.8.3\jackson-annotations-2.8.3.jar;D:\apache-maven-3.6.1\repo\com\fasterxml\jackson\core\jackson-core\2.8.3\jackson-core-2.8.3.jar;D:\apache-maven-3.6.1\repo\org\springframework\spring-web\4.3.3.RELEASE\spring-web-4.3.3.RELEASE.jar;D:\apache-maven-3.6.1\repo\org\springframework\spring-aop\4.3.3.RELEASE\spring-aop-4.3.3.RELEASE.jar;D:\apache-maven-3.6.1\repo\org\springframework\spring-beans\4.3.3.RELEASE\spring-beans-4.3.3.RELEASE.jar;D:\apache-maven-3.6.1\repo\org\springframework\spring-context\4.3.3.RELEASE\spring-context-4.3.3.RELEASE.jar;D:\apache-maven-3.6.1\repo\org\springframework\spring-webmvc\4.3.3.RELEASE\spring-webmvc-4.3.3.RELEASE.jar;D:\apache-maven-3.6.1\repo\org\springframework\spring-expression\4.3.3.RELEASE\spring-expression-4.3.3.RELEASE.jar;"/>
    <property name="sun.cpu.endian" value="little"/>
    <property name="user.home" value="C:\Users\Administrator"/>
    <property name="user.language" value="zh"/>
    <property name="java.specification.vendor" value="Oracle Corporation"/>
    <property name="java.home" value="C:\Program Files\Java\jdk1.8.0_211\jre"/>
    <property name="basedir" value="D:\IDEAWORKSPACE\SystemStydy\btstudy"/>
    <property name="file.separator" value="\"/>
    <property name="line.separator" value="&#10;"/>
    <property name="java.vm.specification.vendor" value="Oracle Corporation"/>
    <property name="java.specification.name" value="Java Platform API Specification"/>
    <property name="java.awt.graphicsenv" value="sun.awt.Win32GraphicsEnvironment"/>
    <property name="surefire.real.class.path" value="C:\Users\ADMINI~1\AppData\Local\Temp\surefire4752059990451548069\surefirebooter6740898489745000910.jar"/>
    <property name="sun.boot.class.path" value="C:\Program Files\Java\jdk1.8.0_211\jre\lib\resources.jar;C:\Program Files\Java\jdk1.8.0_211\jre\lib\rt.jar;C:\Program Files\Java\jdk1.8.0_211\jre\lib\sunrsasign.jar;C:\Program Files\Java\jdk1.8.0_211\jre\lib\jsse.jar;C:\Program Files\Java\jdk1.8.0_211\jre\lib\jce.jar;C:\Program Files\Java\jdk1.8.0_211\jre\lib\charsets.jar;C:\Program Files\Java\jdk1.8.0_211\jre\lib\jfr.jar;C:\Program Files\Java\jdk1.8.0_211\jre\classes"/>
    <property name="user.script" value=""/>
    <property name="sun.management.compiler" value="HotSpot 64-Bit Tiered Compilers"/>
    <property name="java.runtime.version" value="1.8.0_211-b12"/>
    <property name="user.name" value="Administrator"/>
    <property name="path.separator" value=";"/>
    <property name="os.version" value="6.1"/>
    <property name="java.endorsed.dirs" value="C:\Program Files\Java\jdk1.8.0_211\jre\lib\endorsed"/>
    <property name="java.runtime.name" value="Java(TM) SE Runtime Environment"/>
    <property name="file.encoding" value="GBK"/>
    <property name="java.vm.name" value="Java HotSpot(TM) 64-Bit Server VM"/>
    <property name="localRepository" value="D:\apache-maven-3.6.1\repo"/>
    <property name="java.vendor.url.bug" value="http://bugreport.sun.com/bugreport/"/>
    <property name="java.io.tmpdir" value="C:\Users\ADMINI~1\AppData\Local\Temp\"/>
    <property name="idea.version" value="2018.3.3"/>
    <property name="java.version" value="1.8.0_211"/>
    <property name="user.dir" value="D:\IDEAWORKSPACE\SystemStydy\btstudy"/>
    <property name="os.arch" value="amd64"/>
    <property name="java.vm.specification.name" value="Java Virtual Machine Specification"/>
    <property name="java.awt.printerjob" value="sun.awt.windows.WPrinterJob"/>
    <property name="sun.os.patch.level" value="Service Pack 1"/>
    <property name="java.library.path" value="C:\Program Files\Java\jdk1.8.0_211\jre\bin;C:\Windows\Sun\Java\bin;C:\Windows\system32;C:\Windows;E:\bigDataReleaseFrameWork\spark-2.4.4-bin-hadoop2.7\spark-2.4.4-bin-hadoop2.7\bin;E:\bigDataReleaseFrameWork\hadoop-2.7.1\bin;C:\Program Files\Java\jdk1.8.0_211\bin;C:\Program Files\Java\jdk1.8.0_211\jre\bin;E:\app\Administrator\product\11.2.0\dbhome_1\bin;C:\Program Files (x86)\Common Files\Oracle\Java\javapath;C:\Windows\system32;C:\Windows;C:\Windows\System32\Wbem;C:\Windows\System32\WindowsPowerShell\v1.0\;D:\Program Files\TortoiseSVN\bin;D:\apache-maven-3.6.1\bin;C:\oracle_client\instantclient_10_2;E:\scala\bin;D:\Google\gradle-4.3-bin\gradle-4.3\bin;C:\Users\Administrator\.app\;;C:\Program Files\JetBrains\IntelliJ IDEA Community Edition 2018.3.3\bin;;D:\Java\jdk1.7.0_80\bin;D:\Java\jdk1.7.0_80\jre\bin;;."/>
    <property name="java.vm.info" value="mixed mode"/>
    <property name="java.vendor" value="Oracle Corporation"/>
    <property name="java.vm.version" value="25.211-b12"/>
    <property name="java.ext.dirs" value="C:\Program Files\Java\jdk1.8.0_211\jre\lib\ext;C:\Windows\Sun\Java\lib\ext"/>
    <property name="sun.io.unicode.encoding" value="UnicodeLittle"/>
    <property name="java.class.version" value="52.0"/>
  </properties>
  <testcase name="shouldAnswerWithTrue" classname="com.hh.boot.AppTest" time="0"/>
</testsuite>